Environment variables:
  - =::=::\
  - =C:=C:\Users\HJPARK\Desktop\Web\WEB2-JS
  - ALLUSERSPROFILE=C:\ProgramData
  - APPDATA=C:\Users\HJPARK\AppData\Roaming
  - CLASSPATH=.;C:\Program Files\Java\jdk1.8.0_192\lib\tools.jar
  - COMPUTERNAME=DESKTOP-71BFU78
  - ComSpec=C:\WINDOWS\system32\cmd.exe
  - CommonProgramFiles=C:\Program Files\Common Files
  - CommonProgramFiles(x86)=C:\Program Files (x86)\Common Files
  - CommonProgramW6432=C:\Program Files\Common Files
  - DriverData=C:\Windows\System32\Drivers\DriverData
  - ERROR_CODE=0
  - FPS_BROWSER_APP_PROFILE_STRING=Internet Explorer
  - FPS_BROWSER_USER_PROFILE_STRING=Default
  - GIT_LFS_PATH=C:\Program Files\Git LFS
  - HOMEDRIVE=C:
  - HOMEPATH=\Users\HJPARK
  - JAVA_EXEC="C:\Users\HJPARK\Desktop\sonar-scanner-3.3.0.1492-windows\bin\..\jre\bin\java.exe"
  - JAVA_HOME=C:\Users\HJPARK\Desktop\sonar-scanner-3.3.0.1492-windows\bin\..\jre
  - LOCALAPPDATA=C:\Users\HJPARK\AppData\Local
  - LOGONSERVER=\\DESKTOP-71BFU78
  - MAVEN_HOME=C:\Program Files\Apache Software Foundation\apache-maven-3.6.0
  - NUMBER_OF_PROCESSORS=4
  - OS=Windows_NT
  - OneDrive=C:\Users\HJPARK\OneDrive
  - OneDriveConsumer=C:\Users\HJPARK\OneDrive
  - PATHEXT=.COM;.EXE;.BAT;.CMD;.VBS;.VBE;.JS;.JSE;.WSF;.WSH;.MSC;.CPL
  - PROCESSOR_ARCHITECTURE=AMD64
  - PROCESSOR_IDENTIFIER=Intel64 Family 6 Model 142 Stepping 10, GenuineIntel
  - PROCESSOR_LEVEL=6
  - PROCESSOR_REVISION=8e0a
  - PROJECT_HOME=C:\Users\HJPARK\Desktop\Web\WEB2-JS
  - PROMPT=$P$G
  - PSModulePath=C:\Users\HJPARK\Documents\WindowsPowerShell\Modules;C:\Program Files\WindowsPowerShell\Modules;C:\WINDOWS\system32\WindowsPowerShell\v1.0\Modules
  - PUBLIC=C:\Users\Public
  - Path=C:\Program Files (x86)\Intel\iCLS Client\;C:\Program Files\Intel\iCLS Client\;C:\Program Files (x86)\Common Files\Oracle\Java\javapath;C:\WINDOWS\system32;C:\WINDOWS;C:\WINDOWS\System32\Wbem;C:\WINDOWS\System32\WindowsPowerShell\v1.0\;C:\WINDOWS\System32\OpenSSH\;C:\Program Files\Java\jdk1.8.0_192\bin;C:\Program Files\Git\cmd;C:\Program Files\Git LFS;C:\Program Files (x86)\Intel\Intel(R) Management Engine Components\DAL;C:\Program Files\Intel\Intel(R) Management Engine Components\DAL;C:\Program Files (x86)\Intel\Intel(R) Management Engine Components\IPT;C:\Program Files\Intel\Intel(R) Management Engine Components\IPT;C:\Program Files\Apache Software Foundation\apache-maven-3.6.0\bin;C:\Program Files (x86)\Common Files\Oracle\Java\javapath;C:\WINDOWS\system32;C:\WINDOWS;C:\WINDOWS\System32\Wbem;C:\WINDOWS\System32\WindowsPowerShell\v1.0\;C:\WINDOWS\System32\OpenSSH\;C:\Program Files\Java\jdk1.8.0_192\bin\bin;C:\Users\HJPARK\AppData\Local\Microsoft\WindowsApps;C:\Program Files\Bandizip\;C:\Program Files\Java\jdk1.8.0_192\bin\bin;C:\Program Files\Java\jdk1.8.0_192\bin;C:\Program Files\Apache Software Foundation\apache-maven-3.6.0\bin;
  - ProgramData=C:\ProgramData
  - ProgramFiles=C:\Program Files
  - ProgramFiles(x86)=C:\Program Files (x86)
  - ProgramW6432=C:\Program Files
  - SESSIONNAME=Console
  - SONAR_SCANNER_HOME=C:\Users\HJPARK\Desktop\sonar-scanner-3.3.0.1492-windows\bin\..
  - SystemDrive=C:
  - SystemRoot=C:\WINDOWS
  - TEMP=C:\Users\HJPARK\AppData\Local\Temp
  - TMP=C:\Users\HJPARK\AppData\Local\Temp
  - USERDOMAIN=DESKTOP-71BFU78
  - USERDOMAIN_ROAMINGPROFILE=DESKTOP-71BFU78
  - USERNAME=KND
  - USERPROFILE=C:\Users\HJPARK
  - scriptdir=C:\Users\HJPARK\Desktop\sonar-scanner-3.3.0.1492-windows\bin
  - use_embedded_jre=true
  - windir=C:\WINDOWS
System properties:
  - awt.toolkit=sun.awt.windows.WToolkit
  - file.encoding=MS949
  - file.encoding.pkg=sun.io
  - file.separator=\
  - java.awt.graphicsenv=sun.awt.Win32GraphicsEnvironment
  - java.awt.headless=true
  - java.awt.printerjob=sun.awt.windows.WPrinterJob
  - java.class.path=C:\Users\HJPARK\Desktop\sonar-scanner-3.3.0.1492-windows\bin\..\lib\sonar-scanner-cli-3.3.0.1492.jar
  - java.class.version=52.0
  - java.endorsed.dirs=C:\Users\HJPARK\Desktop\sonar-scanner-3.3.0.1492-windows\jre\lib\endorsed
  - java.ext.dirs=C:\Users\HJPARK\Desktop\sonar-scanner-3.3.0.1492-windows\jre\lib\ext;C:\WINDOWS\Sun\Java\lib\ext
  - java.home=C:\Users\HJPARK\Desktop\sonar-scanner-3.3.0.1492-windows\jre
  - java.io.tmpdir=C:\Users\HJPARK\AppData\Local\Temp\
  - java.library.path=C:\Users\HJPARK\Desktop\sonar-scanner-3.3.0.1492-windows\jre\bin;C:\WINDOWS\Sun\Java\bin;C:\WINDOWS\system32;C:\WINDOWS;C:\Program Files (x86)\Intel\iCLS Client\;C:\Program Files\Intel\iCLS Client\;C:\Program Files (x86)\Common Files\Oracle\Java\javapath;C:\WINDOWS\system32;C:\WINDOWS;C:\WINDOWS\System32\Wbem;C:\WINDOWS\System32\WindowsPowerShell\v1.0\;C:\WINDOWS\System32\OpenSSH\;C:\Program Files\Java\jdk1.8.0_192\bin;C:\Program Files\Git\cmd;C:\Program Files\Git LFS;C:\Program Files (x86)\Intel\Intel(R) Management Engine Components\DAL;C:\Program Files\Intel\Intel(R) Management Engine Components\DAL;C:\Program Files (x86)\Intel\Intel(R) Management Engine Components\IPT;C:\Program Files\Intel\Intel(R) Management Engine Components\IPT;C:\Program Files\Apache Software Foundation\apache-maven-3.6.0\bin;C:\Program Files (x86)\Common Files\Oracle\Java\javapath;C:\WINDOWS\system32;C:\WINDOWS;C:\WINDOWS\System32\Wbem;C:\WINDOWS\System32\WindowsPowerShell\v1.0\;C:\WINDOWS\System32\OpenSSH\;C:\Program Files\Java\jdk1.8.0_192\bin\bin;C:\Users\HJPARK\AppData\Local\Microsoft\WindowsApps;C:\Program Files\Bandizip\;C:\Program Files\Java\jdk1.8.0_192\bin\bin;C:\Program Files\Java\jdk1.8.0_192\bin;C:\Program Files\Apache Software Foundation\apache-maven-3.6.0\bin;;.
  - java.runtime.name=Java(TM) SE Runtime Environment
  - java.runtime.version=1.8.0_121-b13
  - java.specification.name=Java Platform API Specification
  - java.specification.vendor=Oracle Corporation
  - java.specification.version=1.8
  - java.vendor=Oracle Corporation
  - java.vendor.url=http://java.oracle.com/
  - java.vendor.url.bug=http://bugreport.sun.com/bugreport/
  - java.version=1.8.0_121
  - java.vm.info=mixed mode
  - java.vm.name=Java HotSpot(TM) 64-Bit Server VM
  - java.vm.specification.name=Java Virtual Machine Specification
  - java.vm.specification.vendor=Oracle Corporation
  - java.vm.specification.version=1.8
  - java.vm.vendor=Oracle Corporation
  - java.vm.version=25.121-b13
  - line.separator=

  - os.arch=amd64
  - os.name=Windows 10
  - os.version=10.0
  - path.separator=;
  - project.home=C:\Users\HJPARK\Desktop\Web\WEB2-JS
  - scanner.home=C:\Users\HJPARK\Desktop\sonar-scanner-3.3.0.1492-windows\bin\..
  - sun.arch.data.model=64
  - sun.boot.class.path=C:\Users\HJPARK\Desktop\sonar-scanner-3.3.0.1492-windows\jre\lib\resources.jar;C:\Users\HJPARK\Desktop\sonar-scanner-3.3.0.1492-windows\jre\lib\rt.jar;C:\Users\HJPARK\Desktop\sonar-scanner-3.3.0.1492-windows\jre\lib\sunrsasign.jar;C:\Users\HJPARK\Desktop\sonar-scanner-3.3.0.1492-windows\jre\lib\jsse.jar;C:\Users\HJPARK\Desktop\sonar-scanner-3.3.0.1492-windows\jre\lib\jce.jar;C:\Users\HJPARK\Desktop\sonar-scanner-3.3.0.1492-windows\jre\lib\charsets.jar;C:\Users\HJPARK\Desktop\sonar-scanner-3.3.0.1492-windows\jre\lib\jfr.jar;C:\Users\HJPARK\Desktop\sonar-scanner-3.3.0.1492-windows\jre\classes
  - sun.boot.library.path=C:\Users\HJPARK\Desktop\sonar-scanner-3.3.0.1492-windows\jre\bin
  - sun.cpu.endian=little
  - sun.cpu.isalist=amd64
  - sun.desktop=windows
  - sun.io.unicode.encoding=UnicodeLittle
  - sun.java.command=org.sonarsource.scanner.cli.Main -X
  - sun.java.launcher=SUN_STANDARD
  - sun.jnu.encoding=MS949
  - sun.management.compiler=HotSpot 64-Bit Tiered Compilers
  - sun.os.patch.level=
  - sun.stderr.encoding=ms949
  - sun.stdout.encoding=ms949
  - user.country=KR
  - user.dir=C:\Users\HJPARK\Desktop\Web\WEB2-JS
  - user.home=C:\Users\HJPARK
  - user.language=ko
  - user.name=KND
  - user.script=
  - user.timezone=Asia/Seoul
  - user.variant=
SonarQube plugins:
  - SonarC# 6.5.0.3766 (csharp)
  - SonarPython 1.8.0.1496 (python)
  - SonarJava 4.15.0.12310 (java)
  - Flex 2.3 (flex)
  - SonarQube :: Plugins :: SCM :: Git 1.3.0.869 (scmgit)
  - SonarXML 1.4.3.1027 (xml)
  - SonarPHP 2.11.0.2485 (php)
  - SonarTS 1.1.0.1079 (typescript)
  - SonarQube :: Plugins :: SCM :: SVN 1.6.0.860 (scmsvn)
  - SonarJS 3.2.0.5506 (javascript)
Global properties:
  - sonar.core.id=BF41A1F2-AWg71i7B1_meSOERioLt
  - sonar.core.startTime=2019-01-11T16:50:51+0900
Settings for module: TestProject
  - sonar.host.url=http://localhost:9000
  - sonar.projectBaseDir=C:\Users\HJPARK\Desktop\Web\WEB2-JS
  - sonar.projectKey=TestProject
  - sonar.projectName=My project
  - sonar.projectVersion=1.0
  - sonar.scanner.app=ScannerCli
  - sonar.scanner.appVersion=3.3.0.1492
  - sonar.sourceEncoding=x-windows-949
  - sonar.sources=.
  - sonar.verbose=true
  - sonar.working.directory=C:\Users\HJPARK\Desktop\Web\WEB2-JS\.scannerwork
